{
  "RSpec": {
    "coverage": {
      "/Users/Max/abc/app/helpers/application_helper.rb": [
        1,
        null
      ],
      "/Users/Max/abc/app/helpers/blogs_helper.rb": [
        1,
        null
      ],
      "/Users/Max/abc/app/helpers/users_helper.rb": [
        1,
        null
      ],
      "/Users/Max/abc/app/controllers/blogs_controller.rb": [
        1,
        1,
        null,
        null,
        1,
        null,
        null
      ],
      "/Users/Max/abc/app/controllers/application_controller.rb": [
        1,
        null,
        null,
        1,
        null
      ]
    },
    "timestamp": 1405428036
  }
}
